.next/dev/types/validator.ts(801,31): error TS2344: Type 'typeof import("/Users/tarunmeharwal/paradise-yatra-main-site/ParadiseYatra-3f9e3de458766b6e46e903f1eef6ab5af5200888/src/app/api/leads/[id]/route")' does not satisfy the constraint 'RouteHandlerConfig<"/api/leads/[id]">'.
  Types of property 'DELETE' are incompatible.
    Type '(request: NextRequest, { params }: { params: { id: string; }; }) => Promise<NextResponse<any>>' is not assignable to type '(request: NextRequest, context: { params: Promise<{ id: string; }>; }) => void | Response | Promise<void | Response>'.
      Types of parameters '__1' and 'context' are incompatible.
        Type '{ params: Promise<{ id: string; }>; }' is not assignable to type '{ params: { id: string; }; }'.
          Types of property 'params' are incompatible.
            Property 'id' is missing in type 'Promise<{ id: string; }>' but required in type '{ id: string; }'.
.next/types/validator.ts(251,39): error TS2307: Cannot find module '../../src/app/packages/category/[category]/page.js' or its corresponding type declarations.
.next/types/validator.ts(810,31): error TS2344: Type 'typeof import("/Users/tarunmeharwal/paradise-yatra-main-site/ParadiseYatra-3f9e3de458766b6e46e903f1eef6ab5af5200888/src/app/api/leads/[id]/route")' does not satisfy the constraint 'RouteHandlerConfig<"/api/leads/[id]">'.
  Types of property 'DELETE' are incompatible.
    Type '(request: NextRequest, { params }: { params: { id: string; }; }) => Promise<NextResponse<any>>' is not assignable to type '(request: NextRequest, context: { params: Promise<{ id: string; }>; }) => void | Response | Promise<void | Response>'.
      Types of parameters '__1' and 'context' are incompatible.
        Type '{ params: Promise<{ id: string; }>; }' is not assignable to type '{ params: { id: string; }; }'.
          Types of property 'params' are incompatible.
            Property 'id' is missing in type 'Promise<{ id: string; }>' but required in type '{ id: string; }'.
